Using pre-set license

 COMMAND LINE ARGUMENTS:
/Users/22rybrown/Documents/Unity/2020.3.4f1/Unity.app/Contents/MacOS/Unity
-adb2
-batchMode
-noUpm
-name
AssetImportWorker0
-projectPath
/Users/22rybrown/Documents/Unity/School-particle-simulation/particle simulation
-logFile
Logs/AssetImportWorker0.log
-srvPort
63581
Successfully changed project path to: /Users/22rybrown/Documents/Unity/School-particle-simulation/particle simulation
/Users/22rybrown/Documents/Unity/School-particle-simulation/particle simulation
Using Asset Import Pipeline V2.
Refreshing native plugins compatible for Editor in 43.24 ms, found 1 plugins.
Preloading 0 native plugins for Editor in 0.00 ms.
Initialize engine version: 2020.3.4f1 (0abb6314276a)
[Subsystems] Discovering subsystems at path /Users/22rybrown/Documents/Unity/2020.3.4f1/Unity.app/Contents/Resources/UnitySubsystems
[Subsystems] Discovering subsystems at path /Users/22rybrown/Documents/Unity/School-particle-simulation/particle simulation/Assets
GfxDevice: creating device client; threaded=0
2021-05-04 12:27:25.846 Unity[45316:540521] Color LCD preferred device: Intel(R) Iris(TM) Graphics 6000 (low power)
2021-05-04 12:27:25.846 Unity[45316:540521] Metal devices available: 1
2021-05-04 12:27:25.846 Unity[45316:540521] 0: Intel(R) Iris(TM) Graphics 6000 (low power)
2021-05-04 12:27:25.848 Unity[45316:540521] Using device Intel(R) Iris(TM) Graphics 6000 (low power)
Initializing Metal device caps: Intel(R) Iris(TM) Graphics 6000
Initialize mono
Mono path[0] = '/Users/22rybrown/Documents/Unity/2020.3.4f1/Unity.app/Contents/Managed'
Mono path[1] = '/Users/22rybrown/Documents/Unity/2020.3.4f1/Unity.app/Contents/MonoBleedingEdge/lib/mono/unityjit'
Mono config path = '/Users/22rybrown/Documents/Unity/2020.3.4f1/Unity.app/Contents/MonoBleedingEdge/etc'
Using monoOptions --debugger-agent=transport=dt_socket,embedding=1,server=y,suspend=n,address=127.0.0.1:56316
Begin MonoManager ReloadAssembly
Registering precompiled unity dll's ...
Register platform support module: /Users/22rybrown/Documents/Unity/2020.3.4f1/Unity.app/Contents/PlaybackEngines/MacStandaloneSupport/UnityEditor.OSXStandalone.Extensions.dll
Register platform support module: /Users/22rybrown/Documents/Unity/2020.3.4f1/PlaybackEngines/WindowsStandaloneSupport/UnityEditor.WindowsStandalone.Extensions.dll
Registered in 0.006419 seconds.
Native extension for WindowsStandalone target not found
Native extension for OSXStandalone target not found
Refreshing native plugins compatible for Editor in 57.72 ms, found 1 plugins.
Preloading 0 native plugins for Editor in 0.00 ms.
Mono: successfully reloaded assembly
- Completed reload, in  8.263 seconds
Platform modules already initialized, skipping
Registering precompiled user dll's ...
Registered in 0.002070 seconds.
Begin MonoManager ReloadAssembly
Native extension for WindowsStandalone target not found
Native extension for OSXStandalone target not found
Refreshing native plugins compatible for Editor in 1.03 ms, found 1 plugins.
Preloading 0 native plugins for Editor in 0.00 ms.
Mono: successfully reloaded assembly
- Completed reload, in  2.651 seconds
Platform modules already initialized, skipping
========================================================================
Worker process is ready to serve import requests
Launching external process: /Users/22rybrown/Documents/Unity/2020.3.4f1/Unity.app/Contents/Tools/UnityShaderCompiler
Launched and connected shader compiler UnityShaderCompiler after 0.03 seconds
Refreshing native plugins compatible for Editor in 0.58 ms, found 1 plugins.
Preloading 0 native plugins for Editor in 0.00 ms.
Unloading 1246 Unused Serialized files (Serialized files now loaded: 0)
System memory in use before: 139.5 MB.
System memory in use after: 139.0 MB.

Unloading 14 unused Assets to reduce memory usage. Loaded Objects now: 1689.
Total: 4.698390 ms (FindLiveObjects: 0.688770 ms CreateObjectMapping: 0.176675 ms MarkObjects: 3.014725 ms  DeleteObjects: 0.816191 ms)

========================================================================
Received Import Request.
  path: Assets/mask v3.obj
  artifactKey: Guid(1aaadb417d5e8454fa080e3305f6b6fb) Importer(815301076,1909f56bfc062723c751e8b465ee728b)
Start importing Assets/mask v3.obj using Guid(1aaadb417d5e8454fa080e3305f6b6fb) Importer(815301076,1909f56bfc062723c751e8b465ee728b)  -> (artifact id: 'eda65bd0e34767e1c79babd8d0aa5df8') in 2.507788 seconds
  Import took 2.513630 seconds .

========================================================================
Received Import Request.
  Time since last request: 0.000596 seconds.
  path: Assets/straight vent v0.obj
  artifactKey: Guid(7895085b4d2a9ec41b08722f8c9df586) Importer(815301076,1909f56bfc062723c751e8b465ee728b)
Start importing Assets/straight vent v0.obj using Guid(7895085b4d2a9ec41b08722f8c9df586) Importer(815301076,1909f56bfc062723c751e8b465ee728b)  -> (artifact id: '7ff82911eaff8d2e8732bf7f6a540b7d') in 1.609250 seconds
  Import took 1.619990 seconds .

========================================================================
Received Import Request.
  Time since last request: 0.012087 seconds.
  path: Assets/Mannequin siting.obj
  artifactKey: Guid(aae56518ef4c82e43999fbf0b37aba0c) Importer(815301076,1909f56bfc062723c751e8b465ee728b)
Start importing Assets/Mannequin siting.obj using Guid(aae56518ef4c82e43999fbf0b37aba0c) Importer(815301076,1909f56bfc062723c751e8b465ee728b)  -> (artifact id: '586c1c8e82c650ad9925901e4c804749') in 1.095911 seconds
  Import took 1.101013 seconds .

========================================================================
Received Import Request.
  Time since last request: 0.000419 seconds.
  path: Assets/angled vent v4.obj
  artifactKey: Guid(4ca997c403e25c84c88a0729ef09844b) Importer(815301076,1909f56bfc062723c751e8b465ee728b)
Start importing Assets/angled vent v4.obj using Guid(4ca997c403e25c84c88a0729ef09844b) Importer(815301076,1909f56bfc062723c751e8b465ee728b)  -> (artifact id: '523a652f20d846589c5c9a328ad47194') in 0.147876 seconds
  Import took 0.153022 seconds .

========================================================================
Received Import Request.
  Time since last request: 0.000517 seconds.
  path: Assets/Mannequin standing.obj
  artifactKey: Guid(42d6a70312948064e9be0feeb3500ee1) Importer(815301076,1909f56bfc062723c751e8b465ee728b)
Start importing Assets/Mannequin standing.obj using Guid(42d6a70312948064e9be0feeb3500ee1) Importer(815301076,1909f56bfc062723c751e8b465ee728b)  -> (artifact id: '729bf9955e10e99272bd6cb977dcb4bc') in 1.427553 seconds
  Import took 1.432011 seconds .

